2025-07-01 00:01:30.246 [StatefulActorSpec-akka.actor.default-dispatcher-5] INFO  akka.event.slf4j.Slf4jLogger - Slf4jLogger started
2025-07-01 00:01:30.257 [StatefulActorSpec-akka.actor.default-dispatcher-5] INFO  akka.event.slf4j.Slf4jLogger - Slf4jLogger started
2025-07-01 00:01:30.257 [StatefulActorSpec-akka.actor.default-dispatcher-5] INFO  akka.event.slf4j.Slf4jLogger - Slf4jLogger started
2025-07-01 00:01:30.259 [StatefulActorSpec-akka.actor.default-dispatcher-5] INFO  akka.event.slf4j.Slf4jLogger - Slf4jLogger started
2025-07-01 00:01:30.376 [SimpleActorAskSpec-akka.actor.default-dispatcher-6] INFO  akka.actor.CoordinatedShutdown - Running CoordinatedShutdown with reason [ActorSystemTerminateReason]
2025-07-01 00:01:30.389 [StatefulActorSpec-akka.actor.default-dispatcher-7] INFO  akka.actor.CoordinatedShutdown - Running CoordinatedShutdown with reason [ActorSystemTerminateReason]
2025-07-01 00:52:13.499 [ActorDemoSystem-akka.actor.default-dispatcher-5] INFO  akka.event.slf4j.Slf4jLogger - Slf4jLogger started
2025-07-01 00:52:15.562 [ActorDemoSystem-akka.actor.default-dispatcher-10] INFO  demo.chat.ChatSystem - ChatSystem started
2025-07-01 00:52:15.563 [ActorDemoSystem-akka.actor.default-dispatcher-10] INFO  demo.chat.ChatSystem - User created: Alice (user_1751327535562_167)
2025-07-01 00:52:15.564 [ActorDemoSystem-akka.actor.default-dispatcher-10] INFO  demo.chat.ChatSystem - User created: Bob (user_1751327535564_812)
2025-07-01 00:52:15.564 [ActorDemoSystem-akka.actor.default-dispatcher-10] INFO  demo.chat.ChatSystem - User created: Charlie (user_1751327535564_18)
2025-07-01 00:52:15.565 [ActorDemoSystem-akka.actor.default-dispatcher-10] INFO  demo.chat.ChatSystem - Room created: General (room_1751327535565_131)
2025-07-01 00:52:15.565 [ActorDemoSystem-akka.actor.default-dispatcher-10] INFO  demo.chat.ChatSystem - Room created: Project-Alpha (room_1751327535565_126)
2025-07-01 00:52:15.567 [ActorDemoSystem-akka.actor.default-dispatcher-10] INFO  demo.chat.ChatSystem - User Alice joined room General
2025-07-01 00:52:15.567 [ActorDemoSystem-akka.actor.default-dispatcher-10] INFO  demo.chat.ChatSystem - User Bob joined room General
2025-07-01 00:52:15.567 [ActorDemoSystem-akka.actor.default-dispatcher-10] INFO  demo.chat.ChatSystem - User Charlie joined room Project-Alpha
2025-07-01 00:52:15.567 [ActorDemoSystem-akka.actor.default-dispatcher-10] INFO  demo.chat.ChatSystem - User Alice joined room Project-Alpha
2025-07-01 00:52:15.570 [ActorDemoSystem-akka.actor.default-dispatcher-10] INFO  demo.chat.ChatSystem - Message sent from Alice to room General: Hello everyone! 👋
2025-07-01 00:52:15.570 [ActorDemoSystem-akka.actor.default-dispatcher-10] INFO  demo.chat.ChatSystem - Message sent from Bob to room General: Hi Alice! How's the project going?
2025-07-01 00:52:15.570 [ActorDemoSystem-akka.actor.default-dispatcher-10] INFO  demo.chat.ChatSystem - Message sent from Alice to room Project-Alpha: Project Alpha is on track!
2025-07-01 00:52:15.570 [ActorDemoSystem-akka.actor.default-dispatcher-10] INFO  demo.chat.ChatSystem - Message sent from Charlie to room Project-Alpha: Great news! 🎉
2025-07-01 00:52:18.583 [ActorDemoSystem-akka.actor.default-dispatcher-8] INFO  akka.actor.CoordinatedShutdown - Running CoordinatedShutdown with reason [ActorSystemTerminateReason]
2025-07-01 00:53:08.783 [StatefulActorSpec-akka.actor.default-dispatcher-5] INFO  akka.event.slf4j.Slf4jLogger - Slf4jLogger started
2025-07-01 00:53:08.785 [StatefulActorSpec-akka.actor.default-dispatcher-5] INFO  akka.event.slf4j.Slf4jLogger - Slf4jLogger started
2025-07-01 00:53:08.785 [StatefulActorSpec-akka.actor.default-dispatcher-5] INFO  akka.event.slf4j.Slf4jLogger - Slf4jLogger started
2025-07-01 00:53:08.786 [StatefulActorSpec-akka.actor.default-dispatcher-5] INFO  akka.event.slf4j.Slf4jLogger - Slf4jLogger started
2025-07-01 00:53:08.921 [StatefulActorSpec-akka.actor.default-dispatcher-6] INFO  akka.actor.CoordinatedShutdown - Running CoordinatedShutdown with reason [ActorSystemTerminateReason]
2025-07-01 00:53:08.921 [SimpleActorAskSpec-akka.actor.default-dispatcher-7] INFO  akka.actor.CoordinatedShutdown - Running CoordinatedShutdown with reason [ActorSystemTerminateReason]
