2025-06-30 23:34:38.223 [my-system-akka.actor.default-dispatcher-4] INFO  demo.actors.stateful.StatefulActor [akka://my-system/user/worker-gabriel] - WorkerActor Gabriel started with status Idle
2025-06-30 23:34:38.224 [my-system-akka.actor.default-dispatcher-4] INFO  demo.actors.stateful.StatefulActor [akka://my-system/user/worker-rafael] - WorkerActor Rafael started with status Idle
2025-06-30 23:34:38.224 [my-system-akka.actor.default-dispatcher-4] INFO  demo.actors.SlackMessageCoordinator [akka://my-system/user/slack-message-coordinator] - Received a SlackMessage from akka://my-system/user/worker-gabriel to akka://my-system/user/worker-rafael
2025-06-30 23:34:38.224 [my-system-akka.actor.default-dispatcher-4] INFO  demo.actors.stateful.StatefulActor [akka://my-system/user/worker-rafael] - Received AskForHelp message from akka://my-system/user/slack-message-coordinator
2025-06-30 23:34:38.225 [my-system-akka.actor.default-dispatcher-4] INFO  demo.actors.stateful.StatefulActor [akka://my-system/user/worker-rafael] - akka://my-system/user/worker-rafael, changing status from Idle to WaitingResponse
2025-06-30 23:34:38.225 [my-system-akka.actor.default-dispatcher-4] INFO  demo.actors.stateful.StatefulActor [akka://my-system/user/worker-rafael] - Replying to sender akka://my-system/user/slack-message-coordinator with HelpResponse
2025-06-30 23:34:38.228 [my-system-akka.actor.default-dispatcher-4] INFO  demo.actors.SlackMessageCoordinator [akka://my-system/user/slack-message-coordinator] - Forwarding the message: HelpResponseStateful(I will help you!) from akka://my-system/user/worker-rafael to akka://my-system/user/worker-rafael
2025-06-30 23:34:38.229 [my-system-akka.actor.default-dispatcher-4] INFO  demo.actors.stateful.StatefulActor [akka://my-system/user/worker-gabriel] - Received HelpResponse message from akka://my-system/user/slack-message-coordinator
2025-06-30 23:34:38.229 [my-system-akka.actor.default-dispatcher-4] INFO  demo.actors.stateful.StatefulActor [akka://my-system/user/worker-gabriel] - akka://my-system/user/worker-gabriel, changing status from Idle to Available
2025-06-30 23:34:38.229 [my-system-akka.actor.default-dispatcher-4] INFO  demo.actors.SlackMessageCoordinator [akka://my-system/user/slack-message-coordinator] - Forwarding the message: SendMeetingLinkStateful(Can you join in this meeting link ?) from akka://my-system/user/worker-gabriel to akka://my-system/user/worker-gabriel
2025-06-30 23:34:38.230 [my-system-akka.actor.default-dispatcher-4] INFO  demo.actors.stateful.StatefulActor [akka://my-system/user/worker-rafael] - Received SendMeetingLink message from akka://my-system/user/slack-message-coordinator
2025-06-30 23:34:38.230 [my-system-akka.actor.default-dispatcher-4] INFO  demo.actors.stateful.StatefulActor [akka://my-system/user/worker-rafael] - akka://my-system/user/worker-rafael, changing status from WaitingResponse to InMeeting
2025-06-30 23:34:38.230 [my-system-akka.actor.default-dispatcher-4] INFO  demo.actors.SlackMessageCoordinator [akka://my-system/user/slack-message-coordinator] - Both workers are in meeting, forwarding the message: JoinMeetingStateful(Yes, I can join) from akka://my-system/user/worker-rafael to akka://my-system/user/worker-gabriel
2025-06-30 23:34:38.230 [my-system-akka.actor.default-dispatcher-4] INFO  demo.actors.SlackMessageCoordinator [akka://my-system/user/slack-message-coordinator] - Received message Both workers are in meeting
2025-06-30 23:40:48.227 [StatefulActorSpec-akka.actor.default-dispatcher-5] INFO  d.actors.simple.SimpleActorSender [] - SimpleActorSender '$a' started
2025-06-30 23:40:48.228 [StatefulActorSpec-akka.actor.default-dispatcher-5] INFO  demo.actors.simple.SimpleActorAsk [] - SimpleActorAsk '$a' started
2025-06-30 23:40:48.229 [StatefulActorSpec-akka.actor.default-dispatcher-5] INFO  demo.actors.stateful.StatefulActor [] - WorkerActor Gabriel started with status Idle
2025-06-30 23:40:48.229 [StatefulActorSpec-akka.actor.default-dispatcher-5] INFO  demo.actors.stateful.StatefulActor [] - WorkerActor Rafael started with status Idle
2025-06-30 23:40:48.229 [StatefulActorSpec-akka.actor.default-dispatcher-5] INFO  demo.actors.SlackMessageCoordinator [] - Received a SlackMessage from akka://DemoExecutorHelperSpec/user/worker-gabriel to akka://DemoExecutorHelperSpec/user/worker-rafael
2025-06-30 23:40:48.229 [StatefulActorSpec-akka.actor.default-dispatcher-5] INFO  demo.actors.stateful.StatefulActor [] - Received AskForHelp message from akka://DemoExecutorHelperSpec/user/slack-message-coordinator
2025-06-30 23:40:48.230 [StatefulActorSpec-akka.actor.default-dispatcher-5] INFO  demo.actors.stateful.StatefulActor [] - akka://DemoExecutorHelperSpec/user/worker-rafael, changing status from Idle to WaitingResponse
2025-06-30 23:40:48.230 [StatefulActorSpec-akka.actor.default-dispatcher-5] INFO  demo.actors.stateful.StatefulActor [] - Replying to sender akka://DemoExecutorHelperSpec/user/slack-message-coordinator with HelpResponse
2025-06-30 23:40:48.230 [StatefulActorSpec-akka.actor.default-dispatcher-5] INFO  demo.actors.SlackMessageCoordinator [] - Forwarding the message: HelpResponseStateful(I will help you!) from akka://DemoExecutorHelperSpec/user/worker-rafael to akka://DemoExecutorHelperSpec/user/worker-rafael
2025-06-30 23:40:48.230 [StatefulActorSpec-akka.actor.default-dispatcher-5] INFO  demo.actors.stateful.StatefulActor [] - Received HelpResponse message from akka://DemoExecutorHelperSpec/user/slack-message-coordinator
2025-06-30 23:40:48.230 [StatefulActorSpec-akka.actor.default-dispatcher-5] INFO  demo.actors.stateful.StatefulActor [] - akka://DemoExecutorHelperSpec/user/worker-gabriel, changing status from Idle to Available
2025-06-30 23:40:48.230 [StatefulActorSpec-akka.actor.default-dispatcher-5] INFO  demo.actors.SlackMessageCoordinator [] - Forwarding the message: SendMeetingLinkStateful(Can you join in this meeting link ?) from akka://DemoExecutorHelperSpec/user/worker-gabriel to akka://DemoExecutorHelperSpec/user/worker-gabriel
2025-06-30 23:40:48.231 [StatefulActorSpec-akka.actor.default-dispatcher-5] INFO  demo.actors.stateful.StatefulActor [] - Received SendMeetingLink message from akka://DemoExecutorHelperSpec/user/slack-message-coordinator
2025-06-30 23:40:48.231 [StatefulActorSpec-akka.actor.default-dispatcher-5] INFO  demo.actors.stateful.StatefulActor [] - akka://DemoExecutorHelperSpec/user/worker-rafael, changing status from WaitingResponse to InMeeting
2025-06-30 23:40:48.231 [StatefulActorSpec-akka.actor.default-dispatcher-5] INFO  demo.actors.SlackMessageCoordinator [] - Both workers are in meeting, forwarding the message: JoinMeetingStateful(Yes, I can join) from akka://DemoExecutorHelperSpec/user/worker-rafael to akka://DemoExecutorHelperSpec/user/worker-gabriel
2025-06-30 23:40:48.231 [StatefulActorSpec-akka.actor.default-dispatcher-5] INFO  demo.actors.SlackMessageCoordinator [] - Received message Both workers are in meeting
2025-06-30 23:40:48.231 [StatefulActorSpec-akka.actor.default-dispatcher-5] INFO  demo.actors.simple.SimpleActorAsk [] - [$a] Processing IntMessage: IntMessage(42) from akka://SimpleActorAskSpec/system/testActor-1
2025-06-30 23:40:48.232 [StatefulActorSpec-akka.actor.default-dispatcher-5] INFO  d.actors.simple.SimpleActorSender [] - [$a] Processing IntMessage: IntMessage(42)
2025-06-30 23:40:48.232 [StatefulActorSpec-akka.actor.default-dispatcher-5] INFO  demo.actors.simple.SimpleActorAsk [] - SimpleActorAsk '$b' started
2025-06-30 23:40:48.232 [StatefulActorSpec-akka.actor.default-dispatcher-5] INFO  demo.actors.simple.SimpleActorAsk [] - [$b] Processing StringMessage: StringMessage(Hello, World!) from akka://SimpleActorAskSpec/system/testActor-1
2025-06-30 23:40:48.232 [StatefulActorSpec-akka.actor.default-dispatcher-5] INFO  demo.actors.simple.SimpleActorAsk [] - SimpleActorAsk '$c' started
2025-06-30 23:40:48.233 [StatefulActorSpec-akka.actor.default-dispatcher-5] INFO  demo.actors.simple.SimpleActorAsk [] - [$c] Processing DoubleMessage: DoubleMessage(3.14) from akka://SimpleActorAskSpec/system/testActor-1
2025-06-30 23:40:48.233 [StatefulActorSpec-akka.actor.default-dispatcher-5] INFO  demo.actors.simple.SimpleActorAsk [] - SimpleActorAsk '$d' started
2025-06-30 23:40:48.242 [StatefulActorSpec-akka.actor.default-dispatcher-5] INFO  demo.actors.stateful.StatefulActor [] - WorkerActor TestWorker started with status Idle
2025-06-30 23:40:48.255 [StatefulActorSpec-akka.actor.default-dispatcher-7] INFO  demo.actors.stateful.StatefulActor [] - WorkerActor TestWorker started with status Idle
2025-06-30 23:40:48.256 [StatefulActorSpec-akka.actor.default-dispatcher-7] INFO  demo.actors.stateful.StatefulActor [] - Received AskForHelp message from akka://StatefulActorSpec/system/testActor-3
2025-06-30 23:40:48.256 [StatefulActorSpec-akka.actor.default-dispatcher-7] INFO  demo.actors.stateful.StatefulActor [] - akka://StatefulActorSpec/user/$b, changing status from Idle to WaitingResponse
2025-06-30 23:40:48.256 [StatefulActorSpec-akka.actor.default-dispatcher-7] INFO  demo.actors.stateful.StatefulActor [] - Replying to sender akka://StatefulActorSpec/system/testActor-3 with HelpResponse
2025-06-30 23:40:48.257 [StatefulActorSpec-akka.actor.default-dispatcher-7] INFO  demo.actors.stateful.StatefulActor [] - WorkerActor TestWorker started with status Available
2025-06-30 23:40:48.257 [StatefulActorSpec-akka.actor.default-dispatcher-7] INFO  demo.actors.stateful.StatefulActor [] - Received AskForHelp message from akka://StatefulActorSpec/system/testActor-3
2025-06-30 23:40:48.257 [StatefulActorSpec-akka.actor.default-dispatcher-7] INFO  demo.actors.stateful.StatefulActor [] - akka://StatefulActorSpec/user/$c, changing status from Available to WaitingResponse
2025-06-30 23:40:48.257 [StatefulActorSpec-akka.actor.default-dispatcher-7] INFO  demo.actors.stateful.StatefulActor [] - Replying to sender akka://StatefulActorSpec/system/testActor-3 with HelpResponse
2025-06-30 23:40:48.257 [StatefulActorSpec-akka.actor.default-dispatcher-7] INFO  demo.actors.stateful.StatefulActor [] - WorkerActor TestWorker started with status Available
2025-06-30 23:40:48.257 [StatefulActorSpec-akka.actor.default-dispatcher-7] INFO  demo.actors.stateful.StatefulActor [] - Received HelpResponse message from akka://StatefulActorSpec/system/testActor-3
2025-06-30 23:40:48.258 [StatefulActorSpec-akka.actor.default-dispatcher-7] INFO  demo.actors.stateful.StatefulActor [] - akka://StatefulActorSpec/user/$d, changing status from Available to Available
2025-06-30 23:40:48.258 [StatefulActorSpec-akka.actor.default-dispatcher-7] INFO  demo.actors.stateful.StatefulActor [] - WorkerActor TestWorker started with status Available
2025-06-30 23:40:48.258 [StatefulActorSpec-akka.actor.default-dispatcher-7] INFO  demo.actors.stateful.StatefulActor [] - Received SendMeetingLink message from akka://StatefulActorSpec/system/testActor-3
2025-06-30 23:40:48.258 [StatefulActorSpec-akka.actor.default-dispatcher-7] INFO  demo.actors.stateful.StatefulActor [] - akka://StatefulActorSpec/user/$e, changing status from Available to InMeeting
2025-06-30 23:40:48.259 [StatefulActorSpec-akka.actor.default-dispatcher-7] INFO  demo.actors.stateful.StatefulActor [] - WorkerActor TestWorker started with status WaitingResponse
2025-06-30 23:40:48.259 [StatefulActorSpec-akka.actor.default-dispatcher-7] INFO  demo.actors.stateful.StatefulActor [] - Received SendMeetingLink message from akka://StatefulActorSpec/system/testActor-3
2025-06-30 23:40:48.259 [StatefulActorSpec-akka.actor.default-dispatcher-7] INFO  demo.actors.stateful.StatefulActor [] - akka://StatefulActorSpec/user/$f, changing status from WaitingResponse to InMeeting
2025-06-30 23:40:48.259 [StatefulActorSpec-akka.actor.default-dispatcher-7] INFO  demo.actors.stateful.StatefulActor [] - WorkerActor TestWorker started with status Available
2025-06-30 23:40:48.259 [StatefulActorSpec-akka.actor.default-dispatcher-7] INFO  demo.actors.stateful.StatefulActor [] - Received JoinMeeting message from akka://StatefulActorSpec/system/testActor-3
2025-06-30 23:40:48.259 [StatefulActorSpec-akka.actor.default-dispatcher-7] INFO  demo.actors.stateful.StatefulActor [] - akka://StatefulActorSpec/user/$g, changing status from Available to InMeeting
2025-06-30 23:40:48.260 [StatefulActorSpec-akka.actor.default-dispatcher-7] INFO  demo.actors.stateful.StatefulActor [] - WorkerActor TestWorker started with status InMeeting
2025-06-30 23:40:48.260 [StatefulActorSpec-akka.actor.default-dispatcher-7] INFO  demo.actors.stateful.StatefulActor [] - Received JoinMeeting message from akka://StatefulActorSpec/system/testActor-3
2025-06-30 23:40:48.260 [StatefulActorSpec-akka.actor.default-dispatcher-7] INFO  demo.actors.stateful.StatefulActor [] - akka://StatefulActorSpec/user/$h, is already in meeting
2025-06-30 23:40:48.261 [StatefulActorSpec-akka.actor.default-dispatcher-7] INFO  demo.actors.stateful.StatefulActor [] - WorkerActor TestWorker started with status InMeeting
2025-06-30 23:40:48.261 [StatefulActorSpec-akka.actor.default-dispatcher-7] INFO  demo.actors.stateful.StatefulActor [] - Received AskForHelp message from akka://StatefulActorSpec/system/testActor-3
2025-06-30 23:40:48.312 [SimpleActorSenderSpec-akka.actor.default-dispatcher-5] INFO  d.actors.simple.SimpleActorSender [] - SimpleActorSender '$b' started
2025-06-30 23:40:48.312 [SimpleActorSenderSpec-akka.actor.default-dispatcher-5] INFO  d.actors.simple.SimpleActorSender [] - [$b] Processing StringMessage: StringMessage(Hello, World!)
2025-06-30 23:40:48.335 [SimpleActorAskSpec-akka.actor.default-dispatcher-8] INFO  demo.actors.simple.SimpleActorAsk [] - SimpleActorAsk '$a' stopped
2025-06-30 23:40:48.335 [SimpleActorAskSpec-akka.actor.default-dispatcher-8] INFO  demo.actors.simple.SimpleActorAsk [] - SimpleActorAsk '$d' stopped
2025-06-30 23:40:48.335 [SimpleActorAskSpec-akka.actor.default-dispatcher-8] INFO  demo.actors.simple.SimpleActorAsk [] - SimpleActorAsk '$b' stopped
2025-06-30 23:40:48.336 [SimpleActorAskSpec-akka.actor.default-dispatcher-8] INFO  demo.actors.simple.SimpleActorAsk [] - SimpleActorAsk '$c' stopped
2025-06-30 23:41:41.435 [my-system-akka.actor.default-dispatcher-6] INFO  demo.actors.stateful.StatefulActor [akka://my-system/user/worker-gabriel] - WorkerActor Gabriel started with status Idle
2025-06-30 23:41:41.436 [my-system-akka.actor.default-dispatcher-6] INFO  demo.actors.stateful.StatefulActor [akka://my-system/user/worker-rafael] - WorkerActor Rafael started with status Idle
2025-06-30 23:41:41.436 [my-system-akka.actor.default-dispatcher-6] INFO  demo.actors.SlackMessageCoordinator [akka://my-system/user/slack-message-coordinator] - Received a SlackMessage from akka://my-system/user/worker-gabriel to akka://my-system/user/worker-rafael
2025-06-30 23:41:41.436 [my-system-akka.actor.default-dispatcher-6] INFO  demo.actors.stateful.StatefulActor [akka://my-system/user/worker-rafael] - Received AskForHelp message from akka://my-system/user/slack-message-coordinator
2025-06-30 23:41:41.436 [my-system-akka.actor.default-dispatcher-6] INFO  demo.actors.stateful.StatefulActor [akka://my-system/user/worker-rafael] - akka://my-system/user/worker-rafael, changing status from Idle to WaitingResponse
2025-06-30 23:41:41.436 [my-system-akka.actor.default-dispatcher-6] INFO  demo.actors.stateful.StatefulActor [akka://my-system/user/worker-rafael] - Replying to sender akka://my-system/user/slack-message-coordinator with HelpResponse
2025-06-30 23:41:41.441 [my-system-akka.actor.default-dispatcher-6] INFO  demo.actors.SlackMessageCoordinator [akka://my-system/user/slack-message-coordinator] - Forwarding the message: HelpResponseStateful(I will help you!) from akka://my-system/user/worker-rafael to akka://my-system/user/worker-rafael
2025-06-30 23:41:41.441 [my-system-akka.actor.default-dispatcher-6] INFO  demo.actors.stateful.StatefulActor [akka://my-system/user/worker-gabriel] - Received HelpResponse message from akka://my-system/user/slack-message-coordinator
2025-06-30 23:41:41.442 [my-system-akka.actor.default-dispatcher-6] INFO  demo.actors.stateful.StatefulActor [akka://my-system/user/worker-gabriel] - akka://my-system/user/worker-gabriel, changing status from Idle to Available
2025-06-30 23:41:41.442 [my-system-akka.actor.default-dispatcher-6] INFO  demo.actors.SlackMessageCoordinator [akka://my-system/user/slack-message-coordinator] - Forwarding the message: SendMeetingLinkStateful(Can you join in this meeting link ?) from akka://my-system/user/worker-gabriel to akka://my-system/user/worker-gabriel
2025-06-30 23:41:41.442 [my-system-akka.actor.default-dispatcher-6] INFO  demo.actors.stateful.StatefulActor [akka://my-system/user/worker-rafael] - Received SendMeetingLink message from akka://my-system/user/slack-message-coordinator
2025-06-30 23:41:41.443 [my-system-akka.actor.default-dispatcher-6] INFO  demo.actors.stateful.StatefulActor [akka://my-system/user/worker-rafael] - akka://my-system/user/worker-rafael, changing status from WaitingResponse to InMeeting
2025-06-30 23:41:41.443 [my-system-akka.actor.default-dispatcher-6] INFO  demo.actors.SlackMessageCoordinator [akka://my-system/user/slack-message-coordinator] - Both workers are in meeting, forwarding the message: JoinMeetingStateful(Yes, I can join) from akka://my-system/user/worker-rafael to akka://my-system/user/worker-gabriel
2025-06-30 23:41:41.443 [my-system-akka.actor.default-dispatcher-6] INFO  demo.actors.SlackMessageCoordinator [akka://my-system/user/slack-message-coordinator] - Received message Both workers are in meeting
2025-06-30 23:59:49.420 [ActorDemoSystem-akka.actor.default-dispatcher-4] INFO  demo.actors.stateful.StatefulActor [akka://ActorDemoSystem/user/worker-gabriel] - WorkerActor Gabriel started with status Idle
2025-06-30 23:59:49.421 [ActorDemoSystem-akka.actor.default-dispatcher-4] INFO  demo.actors.stateful.StatefulActor [akka://ActorDemoSystem/user/worker-rafael] - WorkerActor Rafael started with status Idle
2025-06-30 23:59:49.421 [ActorDemoSystem-akka.actor.default-dispatcher-4] INFO  demo.actors.SlackMessageCoordinator [akka://ActorDemoSystem/user/slack-message-coordinator] - Received a SlackMessage from akka://ActorDemoSystem/user/worker-gabriel to akka://ActorDemoSystem/user/worker-rafael
2025-06-30 23:59:49.422 [ActorDemoSystem-akka.actor.default-dispatcher-4] INFO  demo.actors.stateful.StatefulActor [akka://ActorDemoSystem/user/worker-rafael] - Received AskForHelp message from akka://ActorDemoSystem/user/slack-message-coordinator
2025-06-30 23:59:49.422 [ActorDemoSystem-akka.actor.default-dispatcher-4] INFO  demo.actors.stateful.StatefulActor [akka://ActorDemoSystem/user/worker-rafael] - akka://ActorDemoSystem/user/worker-rafael, changing status from Idle to WaitingResponse
2025-06-30 23:59:49.422 [ActorDemoSystem-akka.actor.default-dispatcher-4] INFO  demo.actors.stateful.StatefulActor [akka://ActorDemoSystem/user/worker-rafael] - Replying to sender akka://ActorDemoSystem/user/slack-message-coordinator with HelpResponse
2025-06-30 23:59:49.426 [ActorDemoSystem-akka.actor.default-dispatcher-4] INFO  demo.actors.SlackMessageCoordinator [akka://ActorDemoSystem/user/slack-message-coordinator] - Forwarding the message: HelpResponseStateful(I will help you!) from akka://ActorDemoSystem/user/worker-rafael to akka://ActorDemoSystem/user/worker-rafael
2025-06-30 23:59:49.426 [ActorDemoSystem-akka.actor.default-dispatcher-4] INFO  demo.actors.stateful.StatefulActor [akka://ActorDemoSystem/user/worker-gabriel] - Received HelpResponse message from akka://ActorDemoSystem/user/slack-message-coordinator
2025-06-30 23:59:49.426 [ActorDemoSystem-akka.actor.default-dispatcher-4] INFO  demo.actors.stateful.StatefulActor [akka://ActorDemoSystem/user/worker-gabriel] - akka://ActorDemoSystem/user/worker-gabriel, changing status from Idle to Available
2025-06-30 23:59:49.426 [ActorDemoSystem-akka.actor.default-dispatcher-4] INFO  demo.actors.SlackMessageCoordinator [akka://ActorDemoSystem/user/slack-message-coordinator] - Forwarding the message: SendMeetingLinkStateful(Can you join in this meeting link ?) from akka://ActorDemoSystem/user/worker-gabriel to akka://ActorDemoSystem/user/worker-gabriel
2025-06-30 23:59:49.427 [ActorDemoSystem-akka.actor.default-dispatcher-4] INFO  demo.actors.stateful.StatefulActor [akka://ActorDemoSystem/user/worker-rafael] - Received SendMeetingLink message from akka://ActorDemoSystem/user/slack-message-coordinator
2025-06-30 23:59:49.427 [ActorDemoSystem-akka.actor.default-dispatcher-4] INFO  demo.actors.stateful.StatefulActor [akka://ActorDemoSystem/user/worker-rafael] - akka://ActorDemoSystem/user/worker-rafael, changing status from WaitingResponse to InMeeting
2025-06-30 23:59:49.427 [ActorDemoSystem-akka.actor.default-dispatcher-4] INFO  demo.actors.SlackMessageCoordinator [akka://ActorDemoSystem/user/slack-message-coordinator] - Both workers are in meeting, forwarding the message: JoinMeetingStateful(Yes, I can join) from akka://ActorDemoSystem/user/worker-rafael to akka://ActorDemoSystem/user/worker-gabriel
2025-06-30 23:59:49.427 [ActorDemoSystem-akka.actor.default-dispatcher-4] INFO  demo.actors.SlackMessageCoordinator [akka://ActorDemoSystem/user/slack-message-coordinator] - Received message Both workers are in meeting
